# JRE version: OpenJDK Runtime Environment Temurin-21.0.7+6 (21.0.7+6) (build 21.0.7+6-LTS)
# Java VM: OpenJDK 64-Bit Server VM Temurin-21.0.7+6 (21.0.7+6-LTS, mixed mode, sharing, tiered, compressed oops, compressed class ptrs, parallel gc, windows-amd64)
GC Precious Log:
 CardTable entry size: 512
 CPUs: 20 total, 20 available
 Memory: 16087M
 Large Page Support: Disabled
 NUMA Support: Disabled
 Compressed Oops: Enabled (32-bit)
 Alignments: Space 512K, Generation 512K, Heap 2M
 Heap Min Capacity: 100M
 Heap Initial Capacity: 100M
 Heap Max Capacity: 2G
 Pre-touch: Disabled
 Parallel Workers: 15
Heap:
 PSYoungGen      total 3072K, used 2584K [0x00000000d5580000, 0x00000000d5980000, 0x0000000100000000)
  eden space 2560K, 89% used [0x00000000d5580000,0x00000000d57be2e0,0x00000000d5800000)
  from space 512K, 56% used [0x00000000d5900000,0x00000000d5948000,0x00000000d5980000)
  to   space 512K, 0% used [0x00000000d5880000,0x00000000d5880000,0x00000000d5900000)
 ParOldGen       total 744960K, used 744692K [0x0000000080000000, 0x00000000ad780000, 0x00000000d5580000)
  object space 744960K, 99% used [0x0000000080000000,0x00000000ad73d3f8,0x00000000ad780000)
 Metaspace       used 76100K, committed 77632K, reserved 1179648K
  class space    used 7776K, committed 8512K, reserved 1048576K
GC Heap History (20 events):
Event: 15.657 GC heap before
{Heap before GC invocations=778 (full 3):
 PSYoungGen      total 3072K, used 3066K [0x00000000d5580000, 0x00000000d5c80000, 0x0000000100000000)
  eden space 2048K, 99% used [0x00000000d5580000,0x00000000d577e8b0,0x00000000d5780000)
  from space 1024K, 100% used [0x00000000d5980000,0x00000000d5a80000,0x00000000d5a80000)
  to   space 2048K, 0% used [0x00000000d5780000,0x00000000d5780000,0x00000000d5980000)
 ParOldGen       total 735232K, used 734964K [0x0000000080000000, 0x00000000ace00000, 0x00000000d5580000)
  object space 735232K, 99% used [0x0000000080000000,0x00000000acdbd298,0x00000000ace00000)
 Metaspace       used 76018K, committed 77568K, reserved 1179648K
  class space    used 7773K, committed 8512K, reserved 1048576K
}
Event: 15.658 GC heap after
{Heap after GC invocations=778 (full 3):
 PSYoungGen      total 4096K, used 1824K [0x00000000d5580000, 0x00000000d5b80000, 0x0000000100000000)
  eden space 2048K, 0% used [0x00000000d5580000,0x00000000d5580000,0x00000000d5780000)
  from space 2048K, 89% used [0x00000000d5780000,0x00000000d5948000,0x00000000d5980000)
  to   space 2048K, 0% used [0x00000000d5980000,0x00000000d5980000,0x00000000d5b80000)
 ParOldGen       total 736256K, used 735754K [0x0000000080000000, 0x00000000acf00000, 0x00000000d5580000)
  object space 736256K, 99% used [0x0000000080000000,0x00000000ace829e8,0x00000000acf00000)
 Metaspace       used 76018K, committed 77568K, reserved 1179648K
  class space    used 7773K, committed 8512K, reserved 1048576K
}
Event: 15.674 GC heap before
{Heap before GC invocations=779 (full 3):
 PSYoungGen      total 4096K, used 3872K [0x00000000d5580000, 0x00000000d5b80000, 0x0000000100000000)
  eden space 2048K, 100% used [0x00000000d5580000,0x00000000d5780000,0x00000000d5780000)
  from space 2048K, 89% used [0x00000000d5780000,0x00000000d5948000,0x00000000d5980000)
  to   space 2048K, 0% used [0x00000000d5980000,0x00000000d5980000,0x00000000d5b80000)
 ParOldGen       total 736256K, used 735754K [0x0000000080000000, 0x00000000acf00000, 0x00000000d5580000)
  object space 736256K, 99% used [0x0000000080000000,0x00000000ace829e8,0x00000000acf00000)
 Metaspace       used 76049K, committed 77568K, reserved 1179648K
  class space    used 7774K, committed 8512K, reserved 1048576K
}
Event: 15.675 GC heap after
{Heap after GC invocations=779 (full 3):
 PSYoungGen      total 4096K, used 1856K [0x00000000d5580000, 0x00000000d5b80000, 0x0000000100000000)
  eden space 2048K, 0% used [0x00000000d5580000,0x00000000d5580000,0x00000000d5780000)
  from space 2048K, 90% used [0x00000000d5980000,0x00000000d5b50000,0x00000000d5b80000)
  to   space 2048K, 0% used [0x00000000d5780000,0x00000000d5780000,0x00000000d5980000)
 ParOldGen       total 737792K, used 737386K [0x0000000080000000, 0x00000000ad080000, 0x00000000d5580000)
  object space 737792K, 99% used [0x0000000080000000,0x00000000ad01a808,0x00000000ad080000)
 Metaspace       used 76049K, committed 77568K, reserved 1179648K
  class space    used 7774K, committed 8512K, reserved 1048576K
}
Event: 15.686 GC heap before
{Heap before GC invocations=780 (full 3):
 PSYoungGen      total 4096K, used 3848K [0x00000000d5580000, 0x00000000d5b80000, 0x0000000100000000)
  eden space 2048K, 97% used [0x00000000d5580000,0x00000000d57723a0,0x00000000d5780000)
  from space 2048K, 90% used [0x00000000d5980000,0x00000000d5b50000,0x00000000d5b80000)
  to   space 2048K, 0% used [0x00000000d5780000,0x00000000d5780000,0x00000000d5980000)
 ParOldGen       total 737792K, used 737386K [0x0000000080000000, 0x00000000ad080000, 0x00000000d5580000)
  object space 737792K, 99% used [0x0000000080000000,0x00000000ad01a808,0x00000000ad080000)
 Metaspace       used 76052K, committed 77568K, reserved 1179648K
  class space    used 7774K, committed 8512K, reserved 1048576K
}
Event: 15.687 GC heap after
{Heap after GC invocations=780 (full 3):
 PSYoungGen      total 3584K, used 1344K [0x00000000d5580000, 0x00000000d5a80000, 0x0000000100000000)
  eden space 2048K, 0% used [0x00000000d5580000,0x00000000d5580000,0x00000000d5780000)
  from space 1536K, 87% used [0x00000000d5780000,0x00000000d58d0020,0x00000000d5900000)
  to   space 1536K, 0% used [0x00000000d5900000,0x00000000d5900000,0x00000000d5a80000)
 ParOldGen       total 739328K, used 739125K [0x0000000080000000, 0x00000000ad200000, 0x00000000d5580000)
  object space 739328K, 99% used [0x0000000080000000,0x00000000ad1cd408,0x00000000ad200000)
 Metaspace       used 76052K, committed 77568K, reserved 1179648K
  class space    used 7774K, committed 8512K, reserved 1048576K
}
Event: 15.694 GC heap before
{Heap before GC invocations=781 (full 3):
 PSYoungGen      total 3584K, used 3392K [0x00000000d5580000, 0x00000000d5a80000, 0x0000000100000000)
  eden space 2048K, 100% used [0x00000000d5580000,0x00000000d5780000,0x00000000d5780000)
  from space 1536K, 87% used [0x00000000d5780000,0x00000000d58d0020,0x00000000d5900000)
  to   space 1536K, 0% used [0x00000000d5900000,0x00000000d5900000,0x00000000d5a80000)
 ParOldGen       total 739328K, used 739125K [0x0000000080000000, 0x00000000ad200000, 0x00000000d5580000)
  object space 739328K, 99% used [0x0000000080000000,0x00000000ad1cd408,0x00000000ad200000)
 Metaspace       used 76052K, committed 77568K, reserved 1179648K
  class space    used 7774K, committed 8512K, reserved 1048576K
}
Event: 15.695 GC heap after
{Heap after GC invocations=781 (full 3):
 PSYoungGen      total 3072K, used 704K [0x00000000d5580000, 0x00000000d5a00000, 0x0000000100000000)
  eden space 2048K, 0% used [0x00000000d5580000,0x00000000d5580000,0x00000000d5780000)
  from space 1024K, 68% used [0x00000000d5900000,0x00000000d59b0000,0x00000000d5a00000)
  to   space 1024K, 0% used [0x00000000d5800000,0x00000000d5800000,0x00000000d5900000)
 ParOldGen       total 740352K, used 740229K [0x0000000080000000, 0x00000000ad300000, 0x00000000d5580000)
  object space 740352K, 99% used [0x0000000080000000,0x00000000ad2e1428,0x00000000ad300000)
 Metaspace       used 76052K, committed 77568K, reserved 1179648K
  class space    used 7774K, committed 8512K, reserved 1048576K
}
Event: 15.702 GC heap before
{Heap before GC invocations=782 (full 3):
 PSYoungGen      total 3072K, used 2487K [0x00000000d5580000, 0x00000000d5a00000, 0x0000000100000000)
  eden space 2048K, 87% used [0x00000000d5580000,0x00000000d573def8,0x00000000d5780000)
  from space 1024K, 68% used [0x00000000d5900000,0x00000000d59b0000,0x00000000d5a00000)
  to   space 1024K, 0% used [0x00000000d5800000,0x00000000d5800000,0x00000000d5900000)
 ParOldGen       total 740352K, used 740229K [0x0000000080000000, 0x00000000ad300000, 0x00000000d5580000)
  object space 740352K, 99% used [0x0000000080000000,0x00000000ad2e1428,0x00000000ad300000)
 Metaspace       used 76052K, committed 77568K, reserved 1179648K
  class space    used 7774K, committed 8512K, reserved 1048576K
}
Event: 15.703 GC heap after
{Heap after GC invocations=782 (full 3):
 PSYoungGen      total 3072K, used 800K [0x00000000d5580000, 0x00000000d5980000, 0x0000000100000000)
  eden space 2048K, 0% used [0x00000000d5580000,0x00000000d5580000,0x00000000d5780000)
  from space 1024K, 78% used [0x00000000d5800000,0x00000000d58c8000,0x00000000d5900000)
  to   space 512K, 0% used [0x00000000d5900000,0x00000000d5900000,0x00000000d5980000)
 ParOldGen       total 740864K, used 740781K [0x0000000080000000, 0x00000000ad380000, 0x00000000d5580000)
  object space 740864K, 99% used [0x0000000080000000,0x00000000ad36b428,0x00000000ad380000)
 Metaspace       used 76052K, committed 77568K, reserved 1179648K
  class space    used 7774K, committed 8512K, reserved 1048576K
}
Event: 15.709 GC heap before
{Heap before GC invocations=783 (full 3):
 PSYoungGen      total 3072K, used 2847K [0x00000000d5580000, 0x00000000d5980000, 0x0000000100000000)
  eden space 2048K, 99% used [0x00000000d5580000,0x00000000d577ffd0,0x00000000d5780000)
  from space 1024K, 78% used [0x00000000d5800000,0x00000000d58c8000,0x00000000d5900000)
  to   space 512K, 0% used [0x00000000d5900000,0x00000000d5900000,0x00000000d5980000)
 ParOldGen       total 740864K, used 740781K [0x0000000080000000, 0x00000000ad380000, 0x00000000d5580000)
  object space 740864K, 99% used [0x0000000080000000,0x00000000ad36b428,0x00000000ad380000)
 Metaspace       used 76052K, committed 77568K, reserved 1179648K
  class space    used 7774K, committed 8512K, reserved 1048576K
}
Event: 15.710 GC heap after
{Heap after GC invocations=783 (full 3):
 PSYoungGen      total 2048K, used 512K [0x00000000d5580000, 0x00000000d5b80000, 0x0000000100000000)
  eden space 1536K, 0% used [0x00000000d5580000,0x00000000d5580000,0x00000000d5700000)
  from space 512K, 100% used [0x00000000d5900000,0x00000000d5980000,0x00000000d5980000)
  to   space 2048K, 0% used [0x00000000d5700000,0x00000000d5700000,0x00000000d5900000)
 ParOldGen       total 741888K, used 741724K [0x0000000080000000, 0x00000000ad480000, 0x00000000d5580000)
  object space 741888K, 99% used [0x0000000080000000,0x00000000ad4573f8,0x00000000ad480000)
 Metaspace       used 76052K, committed 77568K, reserved 1179648K
  class space    used 7774K, committed 8512K, reserved 1048576K
}
Event: 15.712 GC heap before
{Heap before GC invocations=784 (full 3):
 PSYoungGen      total 2048K, used 2024K [0x00000000d5580000, 0x00000000d5b80000, 0x0000000100000000)
  eden space 1536K, 98% used [0x00000000d5580000,0x00000000d56fa0c8,0x00000000d5700000)
  from space 512K, 100% used [0x00000000d5900000,0x00000000d5980000,0x00000000d5980000)
  to   space 2048K, 0% used [0x00000000d5700000,0x00000000d5700000,0x00000000d5900000)
 ParOldGen       total 741888K, used 741724K [0x0000000080000000, 0x00000000ad480000, 0x00000000d5580000)
  object space 741888K, 99% used [0x0000000080000000,0x00000000ad4573f8,0x00000000ad480000)
 Metaspace       used 76052K, committed 77568K, reserved 1179648K
  class space    used 7774K, committed 8512K, reserved 1048576K
}
Event: 15.713 GC heap after
{Heap after GC invocations=784 (full 3):
 PSYoungGen      total 3584K, used 1024K [0x00000000d5580000, 0x00000000d5a80000, 0x0000000100000000)
  eden space 1536K, 0% used [0x00000000d5580000,0x00000000d5580000,0x00000000d5700000)
  from space 2048K, 50% used [0x00000000d5700000,0x00000000d5800000,0x00000000d5900000)
  to   space 1536K, 0% used [0x00000000d5900000,0x00000000d5900000,0x00000000d5a80000)
 ParOldGen       total 742400K, used 742252K [0x0000000080000000, 0x00000000ad500000, 0x00000000d5580000)
  object space 742400K, 99% used [0x0000000080000000,0x00000000ad4db3f8,0x00000000ad500000)
 Metaspace       used 76052K, committed 77568K, reserved 1179648K
  class space    used 7774K, committed 8512K, reserved 1048576K
}
Event: 15.715 GC heap before
{Heap before GC invocations=785 (full 3):
 PSYoungGen      total 3584K, used 2492K [0x00000000d5580000, 0x00000000d5a80000, 0x0000000100000000)
  eden space 1536K, 95% used [0x00000000d5580000,0x00000000d56ef000,0x00000000d5700000)
  from space 2048K, 50% used [0x00000000d5700000,0x00000000d5800000,0x00000000d5900000)
  to   space 1536K, 0% used [0x00000000d5900000,0x00000000d5900000,0x00000000d5a80000)
 ParOldGen       total 742400K, used 742252K [0x0000000080000000, 0x00000000ad500000, 0x00000000d5580000)
  object space 742400K, 99% used [0x0000000080000000,0x00000000ad4db3f8,0x00000000ad500000)
 Metaspace       used 76052K, committed 77568K, reserved 1179648K
  class space    used 7774K, committed 8512K, reserved 1048576K
}
Event: 15.718 GC heap after
{Heap after GC invocations=785 (full 3):
 PSYoungGen      total 3584K, used 1120K [0x00000000d5580000, 0x00000000d5a80000, 0x0000000100000000)
  eden space 2048K, 0% used [0x00000000d5580000,0x00000000d5580000,0x00000000d5780000)
  from space 1536K, 72% used [0x00000000d5900000,0x00000000d5a18000,0x00000000d5a80000)
  to   space 1536K, 0% used [0x00000000d5780000,0x00000000d5780000,0x00000000d5900000)
 ParOldGen       total 743424K, used 743124K [0x0000000080000000, 0x00000000ad600000, 0x00000000d5580000)
  object space 743424K, 99% used [0x0000000080000000,0x00000000ad5b53f8,0x00000000ad600000)
 Metaspace       used 76052K, committed 77568K, reserved 1179648K
  class space    used 7774K, committed 8512K, reserved 1048576K
}
Event: 15.723 GC heap before
{Heap before GC invocations=786 (full 3):
 PSYoungGen      total 3584K, used 3160K [0x00000000d5580000, 0x00000000d5a80000, 0x0000000100000000)
  eden space 2048K, 99% used [0x00000000d5580000,0x00000000d577e0c8,0x00000000d5780000)
  from space 1536K, 72% used [0x00000000d5900000,0x00000000d5a18000,0x00000000d5a80000)
  to   space 1536K, 0% used [0x00000000d5780000,0x00000000d5780000,0x00000000d5900000)
 ParOldGen       total 743424K, used 743124K [0x0000000080000000, 0x00000000ad600000, 0x00000000d5580000)
  object space 743424K, 99% used [0x0000000080000000,0x00000000ad5b53f8,0x00000000ad600000)
 Metaspace       used 76085K, committed 77632K, reserved 1179648K
  class space    used 7775K, committed 8512K, reserved 1048576K
}
Event: 15.726 GC heap after
{Heap after GC invocations=786 (full 3):
 PSYoungGen      total 3584K, used 803K [0x00000000d5580000, 0x00000000d5a00000, 0x0000000100000000)
  eden space 2048K, 0% used [0x00000000d5580000,0x00000000d5580000,0x00000000d5780000)
  from space 1536K, 52% used [0x00000000d5780000,0x00000000d5848d98,0x00000000d5900000)
  to   space 1024K, 0% used [0x00000000d5900000,0x00000000d5900000,0x00000000d5a00000)
 ParOldGen       total 744448K, used 744084K [0x0000000080000000, 0x00000000ad700000, 0x00000000d5580000)
  object space 744448K, 99% used [0x0000000080000000,0x00000000ad6a53f8,0x00000000ad700000)
 Metaspace       used 76085K, committed 77632K, reserved 1179648K
  class space    used 7775K, committed 8512K, reserved 1048576K
}
Event: 15.729 GC heap before
{Heap before GC invocations=787 (full 3):
 PSYoungGen      total 3584K, used 2851K [0x00000000d5580000, 0x00000000d5a00000, 0x0000000100000000)
  eden space 2048K, 100% used [0x00000000d5580000,0x00000000d5780000,0x00000000d5780000)
  from space 1536K, 52% used [0x00000000d5780000,0x00000000d5848d98,0x00000000d5900000)
  to   space 1024K, 0% used [0x00000000d5900000,0x00000000d5900000,0x00000000d5a00000)
 ParOldGen       total 744448K, used 744084K [0x0000000080000000, 0x00000000ad700000, 0x00000000d5580000)
  object space 744448K, 99% used [0x0000000080000000,0x00000000ad6a53f8,0x00000000ad700000)
 Metaspace       used 76085K, committed 77632K, reserved 1179648K
  class space    used 7775K, committed 8512K, reserved 1048576K
}
Event: 15.730 GC heap after
{Heap after GC invocations=787 (full 3):
 PSYoungGen      total 3072K, used 288K [0x00000000d5580000, 0x00000000d5980000, 0x0000000100000000)
  eden space 2560K, 0% used [0x00000000d5580000,0x00000000d5580000,0x00000000d5800000)
  from space 512K, 56% used [0x00000000d5900000,0x00000000d5948000,0x00000000d5980000)
  to   space 512K, 0% used [0x00000000d5880000,0x00000000d5880000,0x00000000d5900000)
 ParOldGen       total 744960K, used 744692K [0x0000000080000000, 0x00000000ad780000, 0x00000000d5580000)
  object space 744960K, 99% used [0x0000000080000000,0x00000000ad73d3f8,0x00000000ad780000)
 Metaspace       used 76085K, committed 77632K, reserved 1179648K
  class space    used 7775K, committed 8512K, reserved 1048576K
}

